  designSys.cpp
c:\users\cyang\source\repos\designsys\designsys\designsys.cpp(39): error C2143: syntax error: missing ';' before '.'
c:\users\cyang\source\repos\designsys\designsys\designsys.cpp(39): error C2059: syntax error: '.'
